<?xml version="1.0" encoding="UTF-8"?>
<!-- Generated by org.testng.reporters.JUnitReportReporter -->
<testsuite hostname="TYSS-Shobha" failures="0" tests="1" name="Product.CreateProductAndDeleteTest" time="24.281" errors="0" timestamp="2023-06-26T10:31:40 IST" skipped="0">
  <testcase classname="Product.CreateProductAndDeleteTest" name="CreateProductAndDeleteTest" time="24.281"/>
  <system-out/>
</testsuite> <!-- Product.CreateProductAndDeleteTest -->
