<?xml version="1.0" encoding="UTF-8"?>
<!-- Generated by org.testng.reporters.JUnitReportReporter -->
<testsuite hostname="TYSS-Shobha" failures="0" tests="2" name="Pratice.DataProviderEx3" time="0.005" errors="0" timestamp="2023-06-27T12:00:30 IST" skipped="0">
  <testcase classname="Pratice.DataProviderEx3" name="bookTickets" time="0.001"/>
  <system-out/>
  <testcase classname="Pratice.DataProviderEx3" name="bookTickets" time="0.004"/>
  <system-out/>
</testsuite> <!-- Pratice.DataProviderEx3 -->
