<?xml version="1.0" encoding="UTF-8"?>
<!-- Generated by org.testng.reporters.JUnitReportReporter -->
<testsuite hostname="TYSS-Shobha" failures="0" tests="3" name="Pratice.DataProviderEx2" time="39.870" errors="0" timestamp="2023-06-27T11:07:57 IST" skipped="0">
  <testcase classname="Pratice.DataProviderEx2" name="m1" time="12.735"/>
  <system-out/>
  <testcase classname="Pratice.DataProviderEx2" name="m1" time="13.169"/>
  <system-out/>
  <testcase classname="Pratice.DataProviderEx2" name="m1" time="13.966"/>
  <system-out/>
</testsuite> <!-- Pratice.DataProviderEx2 -->
